[30-Apr-2017 16:10:14] NOTICE: fpm is running, pid 23
[30-Apr-2017 16:10:14] NOTICE: ready to handle connections
[30-Apr-2017 16:59:44] NOTICE: fpm is running, pid 23
[30-Apr-2017 16:59:44] NOTICE: ready to handle connections
[30-Apr-2017 17:04:15] NOTICE: Terminating ...
[30-Apr-2017 17:05:36] NOTICE: fpm is running, pid 23
[30-Apr-2017 17:05:36] NOTICE: ready to handle connections
[30-Apr-2017 23:46:34] NOTICE: Terminating ...
[30-Apr-2017 23:47:40] NOTICE: fpm is running, pid 21
[30-Apr-2017 23:47:40] NOTICE: ready to handle connections
[01-May-2017 00:01:37] NOTICE: fpm is running, pid 52
[01-May-2017 00:01:37] NOTICE: ready to handle connections
[01-May-2017 00:01:37] NOTICE: Terminating ...
[01-May-2017 00:03:48] NOTICE: fpm is running, pid 21
[01-May-2017 00:03:48] NOTICE: ready to handle connections
[01-May-2017 00:03:59] NOTICE: Terminating ...
[01-May-2017 00:03:59] NOTICE: exiting, bye-bye!
[01-May-2017 00:06:51] NOTICE: fpm is running, pid 19
[01-May-2017 00:06:51] NOTICE: ready to handle connections
[01-May-2017 00:17:09] NOTICE: Terminating ...
[01-May-2017 01:03:17] NOTICE: fpm is running, pid 20
[01-May-2017 01:03:17] NOTICE: ready to handle connections
[01-May-2017 01:04:17] NOTICE: Terminating ...
[01-May-2017 01:05:02] NOTICE: fpm is running, pid 19
[01-May-2017 01:05:02] NOTICE: ready to handle connections
[01-May-2017 01:05:35] NOTICE: Terminating ...
[01-May-2017 01:05:35] NOTICE: exiting, bye-bye!
[01-May-2017 01:06:41] NOTICE: fpm is running, pid 19
[01-May-2017 01:06:41] NOTICE: ready to handle connections
[01-May-2017 01:12:12] NOTICE: fpm is running, pid 21
[01-May-2017 01:12:12] NOTICE: ready to handle connections
[01-May-2017 01:12:44] NOTICE: Terminating ...
[01-May-2017 01:14:42] NOTICE: fpm is running, pid 22
[01-May-2017 01:14:42] NOTICE: ready to handle connections
[01-May-2017 01:17:41] NOTICE: Terminating ...
[01-May-2017 01:17:54] NOTICE: fpm is running, pid 21
[01-May-2017 01:17:54] NOTICE: ready to handle connections
[01-May-2017 01:19:34] NOTICE: Terminating ...
[01-May-2017 01:23:34] NOTICE: fpm is running, pid 21
[01-May-2017 01:23:34] NOTICE: ready to handle connections
[02-May-2017 17:33:23] NOTICE: fpm is running, pid 22
[02-May-2017 17:33:23] NOTICE: ready to handle connections
[02-May-2017 22:20:50] NOTICE: Terminating ...
[02-May-2017 22:20:59] NOTICE: fpm is running, pid 19
[02-May-2017 22:20:59] NOTICE: ready to handle connections
[02-May-2017 22:21:50] NOTICE: fpm is running, pid 21
[02-May-2017 22:21:50] NOTICE: ready to handle connections
[02-May-2017 22:22:11] NOTICE: Terminating ...
[02-May-2017 22:22:19] NOTICE: fpm is running, pid 20
[02-May-2017 22:22:19] NOTICE: ready to handle connections
[02-May-2017 22:22:25] NOTICE: Terminating ...
[02-May-2017 22:22:25] NOTICE: exiting, bye-bye!
[02-May-2017 22:22:45] NOTICE: fpm is running, pid 19
[02-May-2017 22:22:45] NOTICE: ready to handle connections
[03-May-2017 10:28:32] NOTICE: fpm is running, pid 24
[03-May-2017 10:28:32] NOTICE: ready to handle connections
[03-May-2017 11:13:39] NOTICE: Terminating ...
[03-May-2017 11:13:51] NOTICE: fpm is running, pid 21
[03-May-2017 11:13:51] NOTICE: ready to handle connections
[03-May-2017 11:20:47] NOTICE: fpm is running, pid 21
[03-May-2017 11:20:47] NOTICE: ready to handle connections
[03-May-2017 11:20:55] NOTICE: Terminating ...
[03-May-2017 11:21:12] NOTICE: fpm is running, pid 19
[03-May-2017 11:21:12] NOTICE: ready to handle connections
[03-May-2017 13:17:29] NOTICE: Terminating ...
[03-May-2017 13:17:29] NOTICE: exiting, bye-bye!
[03-May-2017 13:21:04] NOTICE: fpm is running, pid 21
[03-May-2017 13:21:04] NOTICE: ready to handle connections
[03-May-2017 13:50:57] NOTICE: fpm is running, pid 21
[03-May-2017 13:50:57] NOTICE: ready to handle connections
[03-May-2017 13:54:40] NOTICE: Terminating ...
[03-May-2017 13:57:17] NOTICE: fpm is running, pid 21
[03-May-2017 13:57:17] NOTICE: ready to handle connections
[03-May-2017 17:44:00] NOTICE: fpm is running, pid 21
[03-May-2017 17:44:00] NOTICE: ready to handle connections
[03-May-2017 17:45:57] NOTICE: Terminating ...
[03-May-2017 17:45:57] NOTICE: exiting, bye-bye!
[03-May-2017 17:59:08] NOTICE: fpm is running, pid 25
[03-May-2017 17:59:08] NOTICE: ready to handle connections
[03-May-2017 18:15:04] NOTICE: fpm is running, pid 23
[03-May-2017 18:15:04] NOTICE: ready to handle connections
[08-May-2017 14:48:03] NOTICE: fpm is running, pid 18
[08-May-2017 14:48:03] NOTICE: ready to handle connections
[08-May-2017 19:51:21] NOTICE: fpm is running, pid 21
[08-May-2017 19:51:21] NOTICE: ready to handle connections
[13-May-2017 12:17:23] NOTICE: Terminating ...
[13-May-2017 12:17:23] NOTICE: exiting, bye-bye!
